18/04/28 23:32:27 INFO client.RMProxy: Connecting to ResourceManager at hadoop-e/192.168.2.28:8032
18/04/28 23:32:28 INFO input.FileInputFormat: Total input files to process : 1
18/04/28 23:32:28 INFO mapreduce.JobSubmitter: number of splits:1192
18/04/28 23:32:28 INFO Configuration.deprecation: yarn.resourcemanager.system-metrics-publisher.enabled is deprecated. Instead, use yarn.system-metrics-publisher.enabled
18/04/28 23:32:28 INFO mapreduce.JobSubmitter: Submitting tokens for job: job_1524360977472_0389
18/04/28 23:32:29 INFO impl.YarnClientImpl: Submitted application application_1524360977472_0389
18/04/28 23:32:29 INFO mapreduce.Job: The url to track the job: http://hadoop-e:8088/proxy/application_1524360977472_0389/
18/04/28 23:32:29 INFO mapreduce.Job: Running job: job_1524360977472_0389
18/04/28 23:32:37 INFO mapreduce.Job: Job job_1524360977472_0389 running in uber mode : false
18/04/28 23:32:37 INFO mapreduce.Job:  map 0% reduce 0%
18/04/28 23:32:54 INFO mapreduce.Job:  map 1% reduce 0%
18/04/28 23:33:01 INFO mapreduce.Job:  map 2% reduce 0%
18/04/28 23:33:05 INFO mapreduce.Job:  map 3% reduce 0%
18/04/28 23:33:16 INFO mapreduce.Job:  map 4% reduce 0%
18/04/28 23:33:25 INFO mapreduce.Job:  map 5% reduce 0%
18/04/28 23:33:27 INFO mapreduce.Job:  map 6% reduce 0%
18/04/28 23:33:39 INFO mapreduce.Job:  map 7% reduce 0%
18/04/28 23:33:42 INFO mapreduce.Job:  map 8% reduce 0%
18/04/28 23:33:53 INFO mapreduce.Job:  map 9% reduce 0%
18/04/28 23:33:59 INFO mapreduce.Job:  map 10% reduce 0%
18/04/28 23:34:10 INFO mapreduce.Job:  map 11% reduce 0%
18/04/28 23:34:11 INFO mapreduce.Job:  map 12% reduce 0%
18/04/28 23:34:17 INFO mapreduce.Job:  map 13% reduce 0%
18/04/28 23:34:28 INFO mapreduce.Job:  map 14% reduce 0%
18/04/28 23:34:32 INFO mapreduce.Job:  map 15% reduce 0%
18/04/28 23:34:41 INFO mapreduce.Job:  map 16% reduce 0%
18/04/28 23:34:48 INFO mapreduce.Job:  map 17% reduce 0%
18/04/28 23:34:54 INFO mapreduce.Job:  map 18% reduce 0%
18/04/28 23:35:02 INFO mapreduce.Job:  map 19% reduce 0%
18/04/28 23:35:08 INFO mapreduce.Job:  map 20% reduce 0%
18/04/28 23:35:14 INFO mapreduce.Job:  map 21% reduce 0%
18/04/28 23:35:21 INFO mapreduce.Job:  map 22% reduce 0%
18/04/28 23:35:26 INFO mapreduce.Job:  map 23% reduce 0%
18/04/28 23:35:36 INFO mapreduce.Job:  map 24% reduce 0%
18/04/28 23:35:41 INFO mapreduce.Job:  map 25% reduce 0%
18/04/28 23:35:49 INFO mapreduce.Job:  map 26% reduce 0%
18/04/28 23:35:54 INFO mapreduce.Job:  map 27% reduce 0%
18/04/28 23:36:02 INFO mapreduce.Job:  map 28% reduce 0%
18/04/28 23:36:09 INFO mapreduce.Job:  map 29% reduce 0%
18/04/28 23:36:17 INFO mapreduce.Job:  map 30% reduce 0%
18/04/28 23:36:20 INFO mapreduce.Job:  map 31% reduce 0%
18/04/28 23:36:21 INFO mapreduce.Job:  map 30% reduce 0%
18/04/28 23:36:27 INFO mapreduce.Job:  map 31% reduce 0%
18/04/28 23:36:37 INFO mapreduce.Job:  map 32% reduce 0%
18/04/28 23:36:46 INFO mapreduce.Job:  map 33% reduce 0%
18/04/28 23:36:56 INFO mapreduce.Job:  map 34% reduce 0%
18/04/28 23:37:06 INFO mapreduce.Job:  map 35% reduce 0%
18/04/28 23:37:16 INFO mapreduce.Job:  map 36% reduce 0%
18/04/28 23:37:24 INFO mapreduce.Job:  map 37% reduce 0%
18/04/28 23:37:36 INFO mapreduce.Job:  map 38% reduce 0%
18/04/28 23:37:42 INFO mapreduce.Job:  map 39% reduce 0%
18/04/28 23:37:54 INFO mapreduce.Job:  map 40% reduce 0%
18/04/28 23:38:00 INFO mapreduce.Job:  map 41% reduce 0%
18/04/28 23:38:12 INFO mapreduce.Job:  map 42% reduce 0%
18/04/28 23:38:19 INFO mapreduce.Job:  map 43% reduce 0%
18/04/28 23:38:29 INFO mapreduce.Job:  map 44% reduce 0%
18/04/28 23:38:38 INFO mapreduce.Job:  map 45% reduce 0%
18/04/28 23:38:47 INFO mapreduce.Job:  map 46% reduce 0%
18/04/28 23:38:58 INFO mapreduce.Job:  map 47% reduce 0%
18/04/28 23:39:06 INFO mapreduce.Job:  map 48% reduce 0%
18/04/28 23:39:14 INFO mapreduce.Job:  map 49% reduce 0%
18/04/28 23:39:24 INFO mapreduce.Job:  map 50% reduce 0%
18/04/28 23:39:33 INFO mapreduce.Job:  map 51% reduce 0%
18/04/28 23:39:42 INFO mapreduce.Job:  map 52% reduce 0%
18/04/28 23:39:51 INFO mapreduce.Job:  map 53% reduce 0%
18/04/28 23:40:00 INFO mapreduce.Job:  map 54% reduce 0%
18/04/28 23:40:11 INFO mapreduce.Job:  map 55% reduce 0%
18/04/28 23:40:18 INFO mapreduce.Job:  map 56% reduce 0%
18/04/28 23:40:27 INFO mapreduce.Job:  map 57% reduce 0%
18/04/28 23:40:37 INFO mapreduce.Job:  map 58% reduce 0%
18/04/28 23:40:49 INFO mapreduce.Job:  map 59% reduce 0%
18/04/28 23:40:57 INFO mapreduce.Job:  map 60% reduce 0%
18/04/28 23:41:09 INFO mapreduce.Job:  map 61% reduce 0%
18/04/28 23:41:17 INFO mapreduce.Job:  map 62% reduce 0%
18/04/28 23:41:27 INFO mapreduce.Job:  map 63% reduce 0%
18/04/28 23:41:36 INFO mapreduce.Job:  map 64% reduce 0%
18/04/28 23:41:44 INFO mapreduce.Job:  map 65% reduce 0%
18/04/28 23:41:54 INFO mapreduce.Job:  map 66% reduce 0%
18/04/28 23:42:10 INFO mapreduce.Job:  map 67% reduce 0%
18/04/28 23:42:20 INFO mapreduce.Job:  map 68% reduce 0%
18/04/28 23:42:31 INFO mapreduce.Job:  map 69% reduce 0%
18/04/28 23:42:43 INFO mapreduce.Job:  map 70% reduce 0%
18/04/28 23:42:57 INFO mapreduce.Job:  map 71% reduce 0%
18/04/28 23:43:09 INFO mapreduce.Job:  map 72% reduce 0%
18/04/28 23:43:22 INFO mapreduce.Job:  map 73% reduce 0%
18/04/28 23:43:37 INFO mapreduce.Job:  map 74% reduce 0%
18/04/28 23:43:46 INFO mapreduce.Job:  map 75% reduce 0%
18/04/28 23:43:57 INFO mapreduce.Job:  map 76% reduce 0%
18/04/28 23:44:09 INFO mapreduce.Job:  map 77% reduce 0%
18/04/28 23:44:23 INFO mapreduce.Job:  map 78% reduce 0%
18/04/28 23:44:35 INFO mapreduce.Job:  map 79% reduce 0%
18/04/28 23:44:46 INFO mapreduce.Job:  map 80% reduce 0%
18/04/28 23:44:56 INFO mapreduce.Job:  map 81% reduce 0%
18/04/28 23:45:06 INFO mapreduce.Job:  map 82% reduce 0%
18/04/28 23:45:20 INFO mapreduce.Job:  map 83% reduce 0%
18/04/28 23:45:29 INFO mapreduce.Job:  map 84% reduce 0%
18/04/28 23:45:42 INFO mapreduce.Job:  map 85% reduce 0%
18/04/28 23:45:51 INFO mapreduce.Job:  map 86% reduce 0%
18/04/28 23:46:04 INFO mapreduce.Job:  map 87% reduce 0%
18/04/28 23:46:12 INFO mapreduce.Job:  map 88% reduce 0%
18/04/28 23:46:24 INFO mapreduce.Job:  map 89% reduce 0%
18/04/28 23:46:38 INFO mapreduce.Job:  map 90% reduce 0%
18/04/28 23:46:48 INFO mapreduce.Job:  map 91% reduce 0%
18/04/28 23:47:05 INFO mapreduce.Job:  map 92% reduce 0%
18/04/28 23:47:14 INFO mapreduce.Job:  map 93% reduce 0%
18/04/28 23:47:27 INFO mapreduce.Job:  map 94% reduce 0%
18/04/28 23:47:36 INFO mapreduce.Job:  map 95% reduce 0%
18/04/28 23:47:48 INFO mapreduce.Job:  map 96% reduce 0%
18/04/28 23:48:01 INFO mapreduce.Job:  map 97% reduce 0%
18/04/28 23:48:14 INFO mapreduce.Job:  map 98% reduce 0%
18/04/28 23:48:26 INFO mapreduce.Job:  map 99% reduce 0%
18/04/28 23:48:39 INFO mapreduce.Job:  map 100% reduce 0%
18/04/28 23:48:49 INFO mapreduce.Job: Job job_1524360977472_0389 completed successfully
18/04/28 23:48:49 INFO mapreduce.Job: Counters: 33
	File System Counters
		FILE: Number of bytes read=0
		FILE: Number of bytes written=240298938
		FILE: Number of read operations=0
		FILE: Number of large read operations=0
		FILE: Number of write operations=0
		HDFS: Number of bytes read=80005014224
		HDFS: Number of bytes written=87242196932
		HDFS: Number of read operations=5960
		HDFS: Number of large read operations=0
		HDFS: Number of write operations=2389
	Job Counters 
		Killed map tasks=9
		Launched map tasks=1200
		Other local map tasks=8
		Data-local map tasks=812
		Rack-local map tasks=380
		Total time spent by all maps in occupied slots (ms)=17426986
		Total time spent by all reduces in occupied slots (ms)=0
		Total time spent by all map tasks (ms)=17426986
		Total vcore-milliseconds taken by all map tasks=17426986
		Total megabyte-milliseconds taken by all map tasks=17845233664
	Map-Reduce Framework
		Map input records=800000000
		Map output records=800000000
		Input split bytes=135888
		Spilled Records=0
		Failed Shuffles=0
		Merged Map outputs=0
		GC time elapsed (ms)=319939
		CPU time spent (ms)=4713390
		Physical memory (bytes) snapshot=225781317632
		Virtual memory (bytes) snapshot=2350626689024
		Total committed heap usage (bytes)=135770669056
	File Input Format Counters 
		Bytes Read=80004878336
	File Output Format Counters 
		Bytes Written=87242196932
18/04/28 23:48:50 INFO input.FileInputFormat: Total input files to process : 1192
18/04/28 23:51:44 INFO partition.InputSampler: Using 1000 samples
18/04/28 23:51:44 INFO zlib.ZlibFactory: Successfully loaded & initialized native-zlib library
18/04/28 23:51:44 INFO compress.CodecPool: Got brand-new compressor [.deflate]
18/04/28 23:51:45 INFO client.RMProxy: Connecting to ResourceManager at hadoop-e/192.168.2.28:8032
18/04/28 23:51:45 INFO input.FileInputFormat: Total input files to process : 1192
18/04/28 23:51:45 INFO mapreduce.JobSubmitter: number of splits:1193
18/04/28 23:51:45 INFO mapreduce.JobSubmitter: Submitting tokens for job: job_1524360977472_0390
18/04/28 23:51:45 INFO impl.YarnClientImpl: Submitted application application_1524360977472_0390
18/04/28 23:51:45 INFO mapreduce.Job: The url to track the job: http://hadoop-e:8088/proxy/application_1524360977472_0390/
18/04/28 23:51:45 INFO mapreduce.Job: Running job: job_1524360977472_0390
18/04/28 23:51:54 INFO mapreduce.Job: Job job_1524360977472_0390 running in uber mode : false
18/04/28 23:51:54 INFO mapreduce.Job:  map 0% reduce 0%
18/04/28 23:52:13 INFO mapreduce.Job:  map 1% reduce 0%
18/04/28 23:52:24 INFO mapreduce.Job:  map 2% reduce 0%
18/04/28 23:52:42 INFO mapreduce.Job:  map 3% reduce 0%
18/04/28 23:52:47 INFO mapreduce.Job:  map 4% reduce 0%
18/04/28 23:53:03 INFO mapreduce.Job:  map 5% reduce 0%
18/04/28 23:53:16 INFO mapreduce.Job:  map 6% reduce 0%
18/04/28 23:53:22 INFO mapreduce.Job:  map 7% reduce 0%
18/04/28 23:53:37 INFO mapreduce.Job:  map 8% reduce 0%
18/04/28 23:53:52 INFO mapreduce.Job:  map 9% reduce 0%
18/04/28 23:53:56 INFO mapreduce.Job:  map 9% reduce 1%
18/04/28 23:54:03 INFO mapreduce.Job:  map 10% reduce 1%
18/04/28 23:54:12 INFO mapreduce.Job:  map 11% reduce 1%
18/04/28 23:54:27 INFO mapreduce.Job:  map 12% reduce 1%
18/04/28 23:54:38 INFO mapreduce.Job:  map 13% reduce 1%
18/04/28 23:54:49 INFO mapreduce.Job:  map 13% reduce 2%
18/04/28 23:54:59 INFO mapreduce.Job:  map 14% reduce 2%
18/04/28 23:55:02 INFO mapreduce.Job:  map 15% reduce 2%
18/04/28 23:55:19 INFO mapreduce.Job:  map 16% reduce 2%
18/04/28 23:55:31 INFO mapreduce.Job:  map 16% reduce 3%
18/04/28 23:55:33 INFO mapreduce.Job:  map 17% reduce 3%
18/04/28 23:55:51 INFO mapreduce.Job:  map 18% reduce 3%
18/04/28 23:55:59 INFO mapreduce.Job:  map 19% reduce 3%
18/04/28 23:56:03 INFO mapreduce.Job:  map 19% reduce 4%
18/04/28 23:56:16 INFO mapreduce.Job:  map 20% reduce 4%
18/04/28 23:56:33 INFO mapreduce.Job:  map 21% reduce 5%
18/04/28 23:56:43 INFO mapreduce.Job:  map 22% reduce 5%
18/04/28 23:57:01 INFO mapreduce.Job:  map 23% reduce 5%
18/04/28 23:57:02 INFO mapreduce.Job:  map 23% reduce 6%
18/04/28 23:57:17 INFO mapreduce.Job:  map 24% reduce 6%
18/04/28 23:57:31 INFO mapreduce.Job:  map 24% reduce 7%
18/04/28 23:57:32 INFO mapreduce.Job:  map 25% reduce 7%
18/04/28 23:57:48 INFO mapreduce.Job:  map 26% reduce 7%
18/04/28 23:57:55 INFO mapreduce.Job:  map 26% reduce 8%
18/04/28 23:58:03 INFO mapreduce.Job:  map 27% reduce 8%
18/04/28 23:58:29 INFO mapreduce.Job:  map 27% reduce 0%
18/04/28 23:58:30 INFO mapreduce.Job:  map 18% reduce 0%
18/04/28 23:58:49 INFO mapreduce.Job:  map 19% reduce 0%
18/04/28 23:59:06 INFO mapreduce.Job:  map 20% reduce 0%
18/04/28 23:59:15 INFO mapreduce.Job:  map 21% reduce 0%
18/04/28 23:59:35 INFO mapreduce.Job:  map 22% reduce 0%
18/04/28 23:59:57 INFO mapreduce.Job:  map 23% reduce 0%
18/04/29 00:00:17 INFO mapreduce.Job:  map 24% reduce 0%
18/04/29 00:00:22 INFO mapreduce.Job:  map 12% reduce 0%
18/04/29 00:00:26 INFO mapreduce.Job:  map 13% reduce 0%
18/04/29 00:01:04 INFO mapreduce.Job:  map 14% reduce 0%
18/04/29 00:01:38 INFO mapreduce.Job:  map 15% reduce 0%
18/04/29 00:02:16 INFO mapreduce.Job:  map 16% reduce 0%
18/04/29 00:02:55 INFO mapreduce.Job:  map 17% reduce 0%
18/04/29 00:03:35 INFO mapreduce.Job:  map 18% reduce 0%
18/04/29 00:04:12 INFO mapreduce.Job:  map 19% reduce 0%
18/04/29 00:04:50 INFO mapreduce.Job:  map 20% reduce 0%
18/04/29 00:05:29 INFO mapreduce.Job:  map 21% reduce 0%
18/04/29 00:06:10 INFO mapreduce.Job:  map 22% reduce 0%
18/04/29 00:06:48 INFO mapreduce.Job:  map 23% reduce 0%
18/04/29 00:07:26 INFO mapreduce.Job:  map 24% reduce 0%
18/04/29 00:08:06 INFO mapreduce.Job:  map 25% reduce 0%
slurmstepd: error: *** JOB 3736 ON hadoop-e CANCELLED AT 2018-04-29T00:32:34 DUE TO TIME LIMIT ***
srun: Job step aborted: Waiting up to 32 seconds for job step to finish.
slurmstepd: error: *** STEP 3736.0 ON hadoop-e CANCELLED AT 2018-04-29T00:32:34 DUE TO TIME LIMIT ***
