18/04/27 23:17:49 INFO client.RMProxy: Connecting to ResourceManager at hadoop-h/192.168.2.36:8032
18/04/27 23:17:49 INFO input.FileInputFormat: Total input files to process : 1
18/04/27 23:17:50 INFO mapreduce.JobSubmitter: number of splits:120
18/04/27 23:17:50 INFO Configuration.deprecation: yarn.resourcemanager.system-metrics-publisher.enabled is deprecated. Instead, use yarn.system-metrics-publisher.enabled
18/04/27 23:17:50 INFO mapreduce.JobSubmitter: Submitting tokens for job: job_1524811304836_0035
18/04/27 23:17:50 INFO impl.YarnClientImpl: Submitted application application_1524811304836_0035
18/04/27 23:17:50 INFO mapreduce.Job: The url to track the job: http://hadoop-h:8088/proxy/application_1524811304836_0035/
18/04/27 23:17:50 INFO mapreduce.Job: Running job: job_1524811304836_0035
18/04/27 23:18:01 INFO mapreduce.Job: Job job_1524811304836_0035 running in uber mode : false
18/04/27 23:18:01 INFO mapreduce.Job:  map 0% reduce 0%
18/04/27 23:18:16 INFO mapreduce.Job:  map 1% reduce 0%
18/04/27 23:18:20 INFO mapreduce.Job:  map 2% reduce 0%
18/04/27 23:18:23 INFO mapreduce.Job:  map 3% reduce 0%
18/04/27 23:18:24 INFO mapreduce.Job:  map 4% reduce 0%
18/04/27 23:18:25 INFO mapreduce.Job:  map 16% reduce 0%
18/04/27 23:18:26 INFO mapreduce.Job:  map 21% reduce 0%
18/04/27 23:18:28 INFO mapreduce.Job:  map 22% reduce 0%
18/04/27 23:18:42 INFO mapreduce.Job:  map 24% reduce 0%
18/04/27 23:18:43 INFO mapreduce.Job:  map 27% reduce 0%
18/04/27 23:18:44 INFO mapreduce.Job:  map 28% reduce 1%
18/04/27 23:18:45 INFO mapreduce.Job:  map 28% reduce 2%
18/04/27 23:18:47 INFO mapreduce.Job:  map 31% reduce 2%
18/04/27 23:18:48 INFO mapreduce.Job:  map 38% reduce 2%
18/04/27 23:18:50 INFO mapreduce.Job:  map 39% reduce 6%
18/04/27 23:18:51 INFO mapreduce.Job:  map 39% reduce 7%
18/04/27 23:18:52 INFO mapreduce.Job:  map 39% reduce 8%
18/04/27 23:18:53 INFO mapreduce.Job:  map 40% reduce 8%
18/04/27 23:18:56 INFO mapreduce.Job:  map 40% reduce 10%
18/04/27 23:19:01 INFO mapreduce.Job:  map 41% reduce 10%
18/04/27 23:19:03 INFO mapreduce.Job:  map 43% reduce 10%
18/04/27 23:19:04 INFO mapreduce.Job:  map 46% reduce 12%
18/04/27 23:19:05 INFO mapreduce.Job:  map 47% reduce 14%
18/04/27 23:19:08 INFO mapreduce.Job:  map 50% reduce 15%
18/04/27 23:19:09 INFO mapreduce.Job:  map 55% reduce 15%
18/04/27 23:19:10 INFO mapreduce.Job:  map 55% reduce 16%
18/04/27 23:19:11 INFO mapreduce.Job:  map 55% reduce 17%
18/04/27 23:19:14 INFO mapreduce.Job:  map 55% reduce 18%
18/04/27 23:19:20 INFO mapreduce.Job:  map 57% reduce 18%
18/04/27 23:19:21 INFO mapreduce.Job:  map 59% reduce 19%
18/04/27 23:19:23 INFO mapreduce.Job:  map 63% reduce 19%
18/04/27 23:19:27 INFO mapreduce.Job:  map 63% reduce 20%
18/04/27 23:19:28 INFO mapreduce.Job:  map 63% reduce 21%
18/04/27 23:19:30 INFO mapreduce.Job:  map 64% reduce 21%
18/04/27 23:19:31 INFO mapreduce.Job:  map 68% reduce 21%
18/04/27 23:19:32 INFO mapreduce.Job:  map 70% reduce 21%
18/04/27 23:19:33 INFO mapreduce.Job:  map 70% reduce 22%
18/04/27 23:19:34 INFO mapreduce.Job:  map 71% reduce 22%
18/04/27 23:19:36 INFO mapreduce.Job:  map 75% reduce 23%
18/04/27 23:19:37 INFO mapreduce.Job:  map 76% reduce 23%
18/04/27 23:19:38 INFO mapreduce.Job:  map 77% reduce 23%
18/04/27 23:19:39 INFO mapreduce.Job:  map 77% reduce 24%
18/04/27 23:19:40 INFO mapreduce.Job:  map 77% reduce 25%
18/04/27 23:19:42 INFO mapreduce.Job:  map 77% reduce 26%
18/04/27 23:19:49 INFO mapreduce.Job:  map 80% reduce 26%
18/04/27 23:19:50 INFO mapreduce.Job:  map 81% reduce 26%
18/04/27 23:19:51 INFO mapreduce.Job:  map 83% reduce 26%
18/04/27 23:19:52 INFO mapreduce.Job:  map 88% reduce 26%
18/04/27 23:19:53 INFO mapreduce.Job:  map 91% reduce 27%
18/04/27 23:19:54 INFO mapreduce.Job:  map 92% reduce 28%
18/04/27 23:19:57 INFO mapreduce.Job:  map 93% reduce 29%
18/04/27 23:19:58 INFO mapreduce.Job:  map 93% reduce 30%
18/04/27 23:19:59 INFO mapreduce.Job:  map 93% reduce 31%
18/04/27 23:20:02 INFO mapreduce.Job:  map 94% reduce 31%
18/04/27 23:20:05 INFO mapreduce.Job:  map 97% reduce 31%
18/04/27 23:20:06 INFO mapreduce.Job:  map 99% reduce 31%
18/04/27 23:20:07 INFO mapreduce.Job:  map 100% reduce 31%
18/04/27 23:20:09 INFO mapreduce.Job:  map 100% reduce 41%
18/04/27 23:20:10 INFO mapreduce.Job:  map 100% reduce 50%
18/04/27 23:20:11 INFO mapreduce.Job:  map 100% reduce 64%
18/04/27 23:20:12 INFO mapreduce.Job:  map 100% reduce 69%
18/04/27 23:20:15 INFO mapreduce.Job:  map 100% reduce 71%
18/04/27 23:20:16 INFO mapreduce.Job:  map 100% reduce 73%
18/04/27 23:20:17 INFO mapreduce.Job:  map 100% reduce 75%
18/04/27 23:20:18 INFO mapreduce.Job:  map 100% reduce 76%
18/04/27 23:20:21 INFO mapreduce.Job:  map 100% reduce 79%
18/04/27 23:20:22 INFO mapreduce.Job:  map 100% reduce 80%
18/04/27 23:20:23 INFO mapreduce.Job:  map 100% reduce 82%
18/04/27 23:20:24 INFO mapreduce.Job:  map 100% reduce 84%
18/04/27 23:20:27 INFO mapreduce.Job:  map 100% reduce 87%
18/04/27 23:20:28 INFO mapreduce.Job:  map 100% reduce 89%
18/04/27 23:20:29 INFO mapreduce.Job:  map 100% reduce 91%
18/04/27 23:20:30 INFO mapreduce.Job:  map 100% reduce 92%
18/04/27 23:20:31 INFO mapreduce.Job:  map 100% reduce 93%
18/04/27 23:20:33 INFO mapreduce.Job:  map 100% reduce 94%
18/04/27 23:20:35 INFO mapreduce.Job:  map 100% reduce 95%
18/04/27 23:20:39 INFO mapreduce.Job:  map 100% reduce 97%
18/04/27 23:20:41 INFO mapreduce.Job:  map 100% reduce 98%
18/04/27 23:20:44 INFO mapreduce.Job:  map 100% reduce 100%
18/04/27 23:20:45 INFO mapreduce.Job: Job job_1524811304836_0035 completed successfully
18/04/27 23:20:45 INFO mapreduce.Job: Counters: 51
	File System Counters
		FILE: Number of bytes read=7529615082
		FILE: Number of bytes written=15715494388
		FILE: Number of read operations=0
		FILE: Number of large read operations=0
		FILE: Number of write operations=0
		HDFS: Number of bytes read=8000500864
		HDFS: Number of bytes written=8000000000
		HDFS: Number of read operations=384
		HDFS: Number of large read operations=0
		HDFS: Number of write operations=16
	Job Counters 
		Killed map tasks=1
		Launched map tasks=120
		Launched reduce tasks=8
		Data-local map tasks=101
		Rack-local map tasks=19
		Total time spent by all maps in occupied slots (ms)=2040122
		Total time spent by all reduces in occupied slots (ms)=993789
		Total time spent by all map tasks (ms)=2040122
		Total time spent by all reduce tasks (ms)=993789
		Total vcore-milliseconds taken by all map tasks=2040122
		Total vcore-milliseconds taken by all reduce tasks=993789
		Total megabyte-milliseconds taken by all map tasks=2089084928
		Total megabyte-milliseconds taken by all reduce tasks=1017639936
	Map-Reduce Framework
		Map input records=80000000
		Map output records=80000000
		Map output bytes=8000000000
		Map output materialized bytes=8160005760
		Input split bytes=13440
		Combine input records=80000000
		Combine output records=80000000
		Reduce input groups=80000000
		Reduce shuffle bytes=8160005760
		Reduce input records=80000000
		Reduce output records=80000000
		Spilled Records=153819751
		Shuffled Maps =960
		Failed Shuffles=0
		Merged Map outputs=960
		GC time elapsed (ms)=88944
		CPU time spent (ms)=1100160
		Physical memory (bytes) snapshot=37698899968
		Virtual memory (bytes) snapshot=252237787136
		Total committed heap usage (bytes)=25791823872
	Shuffle Errors
		BAD_ID=0
		CONNECTION=0
		IO_ERROR=0
		WRONG_LENGTH=0
		WRONG_MAP=0
		WRONG_REDUCE=0
	File Input Format Counters 
		Bytes Read=8000487424
	File Output Format Counters 
		Bytes Written=8000000000
/exports/home/averma16/Hadoop/./run_8GB.sh: line 6: syntax error near unexpected token `('
/exports/home/averma16/Hadoop/./run_8GB.sh: line 6: `ELAPSED_TIME=$ (($SECONDS - $START_TIME))'
srun: error: hadoop-h: task 0: Exited with exit code 2
